生成启动时间为 2015/12/2 20:56:06。
     1>项目“D:\Visual studio 2013\Project\ChessFinal\ChessFinal\ChessFinal.vcxproj”在节点 2 上(Build 个目标)。
     1>ClCompile:
         D:\vs_13\VC\bin\CL.exe /c /ZI /nologo /W3 /WX- /sdl /Od /Oy- /D WIN32 /D _DEBUG /D _WINDOWS /D _UNICODE /D UNICODE /Gm /EHsc /RTC1 /MDd /GS /fp:precise /Zc:wchar_t /Zc:forScope /Fo"Debug\\" /Fd"Debug\vc120.pdb" /Gd /TP /analyze- /errorReport:prompt Dialog.cpp
         Dialog.cpp
     1>d:\visual studio 2013\project\chessfinal\chessfinal\dialog.cpp(42): warning C4101: “y”: 未引用的局部变量
     1>d:\visual studio 2013\project\chessfinal\chessfinal\dialog.cpp(42): warning C4101: “x”: 未引用的局部变量
     1>d:\visual studio 2013\project\chessfinal\chessfinal\dialog.cpp(43): warning C4101: “cxWidth”: 未引用的局部变量
     1>d:\visual studio 2013\project\chessfinal\chessfinal\dialog.cpp(43): warning C4101: “cyWidth”: 未引用的局部变量
     1>d:\visual studio 2013\project\chessfinal\chessfinal\dialog.cpp(34): warning C4715: “WinMain”: 不是所有的控件路径都返回值
       Link:
         D:\vs_13\VC\bin\link.exe /ERRORREPORT:PROMPT /OUT:"D:\Visual studio 2013\Project\ChessFinal\Debug\ChessFinal.exe" /INCREMENTAL /NOLOGO kernel32.lib user32.lib gdi32.lib winspool.lib comdlg32.lib advapi32.lib shell32.lib ole32.lib oleaut32.lib uuid.lib odbc32.lib odbccp32.lib /MANIFEST /MANIFESTUAC:"level='asInvoker' uiAccess='false'" /manifest:embed /DEBUG /PDB:"D:\Visual studio 2013\Project\ChessFinal\Debug\ChessFinal.pdb" /SUBSYSTEM:WINDOWS /TLBID:1 /DYNAMICBASE /NXCOMPAT /IMPLIB:"D:\Visual studio 2013\Project\ChessFinal\Debug\ChessFinal.lib" /MACHINE:X86 Debug\Resource.res
         Debug\Dialog.obj
         Debug\Evaluation.obj
         Debug\IsValidateMove.obj
         Debug\Move.obj
         Debug\MoveGenerator.obj
         Debug\Search.obj
         ChessFinal.vcxproj -> D:\Visual studio 2013\Project\ChessFinal\Debug\ChessFinal.exe
     1>已完成生成项目“D:\Visual studio 2013\Project\ChessFinal\ChessFinal\ChessFinal.vcxproj”(Build 个目标)的操作。

生成成功。

已用时间 00:00:00.95
