d:\visual studio 2013\project\chessfinal\chessfinal\debug\vc120.pdb
d:\visual studio 2013\project\chessfinal\chessfinal\debug\vc120.idb
d:\visual studio 2013\project\chessfinal\chessfinal\debug\dialog.obj
d:\visual studio 2013\project\chessfinal\chessfinal\debug\evaluation.obj
d:\visual studio 2013\project\chessfinal\chessfinal\debug\isvalidatemove.obj
d:\visual studio 2013\project\chessfinal\chessfinal\debug\move.obj
d:\visual studio 2013\project\chessfinal\chessfinal\debug\movegenerator.obj
d:\visual studio 2013\project\chessfinal\chessfinal\debug\search.obj
d:\visual studio 2013\project\chessfinal\debug\chessfinal.ilk
d:\visual studio 2013\project\chessfinal\debug\chessfinal.exe
d:\visual studio 2013\project\chessfinal\debug\chessfinal.pdb
d:\visual studio 2013\project\chessfinal\chessfinal\debug\resource.res
d:\visual studio 2013\project\chessfinal\chessfinal\debug\chessfinal.tlog\cl.command.1.tlog
d:\visual studio 2013\project\chessfinal\chessfinal\debug\chessfinal.tlog\cl.read.1.tlog
d:\visual studio 2013\project\chessfinal\chessfinal\debug\chessfinal.tlog\cl.write.1.tlog
d:\visual studio 2013\project\chessfinal\chessfinal\debug\chessfinal.tlog\link.command.1.tlog
d:\visual studio 2013\project\chessfinal\chessfinal\debug\chessfinal.tlog\link.read.1.tlog
d:\visual studio 2013\project\chessfinal\chessfinal\debug\chessfinal.tlog\link.write.1.tlog
d:\visual studio 2013\project\chessfinal\chessfinal\debug\chessfinal.tlog\rc.command.1.tlog
d:\visual studio 2013\project\chessfinal\chessfinal\debug\chessfinal.tlog\rc.read.1.tlog
d:\visual studio 2013\project\chessfinal\chessfinal\debug\chessfinal.tlog\rc.write.1.tlog
