生成启动时间为 2015/12/11 19:46:25。
     1>项目“D:\Visual studio 2013\Project\ChessFinal\ChessFinal\ChessFinal.vcxproj”在节点 2 上(Build 个目标)。
     1>ClCompile:
         D:\vs_13\VC\bin\CL.exe /c /ZI /nologo /W3 /WX- /sdl /Od /Oy- /D WIN32 /D _DEBUG /D _WINDOWS /D _UNICODE /D UNICODE /Gm /EHsc /RTC1 /MDd /GS /fp:precise /Zc:wchar_t /Zc:forScope /Fo"Debug\\" /Fd"Debug\vc120.pdb" /Gd /TP /analyze- /errorReport:prompt Evaluation.cpp Search.cpp
         Evaluation.cpp
     1>d:\visual studio 2013\project\chessfinal\chessfinal\evaluation.cpp(620): warning C4552: “<”: 运算符不起任何作用；应输入带副作用的运算符
     1>d:\visual studio 2013\project\chessfinal\chessfinal\evaluation.cpp(440): warning C4101: “sum”: 未引用的局部变量
         正在生成代码...
         正在编译...
         Search.cpp
     1>d:\visual studio 2013\project\chessfinal\chessfinal\search.cpp(70): warning C4101: “sore”: 未引用的局部变量
     1>d:\visual studio 2013\project\chessfinal\chessfinal\search.cpp(82): warning C4101: “depth0”: 未引用的局部变量
     1>d:\visual studio 2013\project\chessfinal\chessfinal\search.cpp(82): warning C4101: “depth5”: 未引用的局部变量
     1>d:\visual studio 2013\project\chessfinal\chessfinal\search.cpp(82): warning C4101: “depth1”: 未引用的局部变量
         正在生成代码...
       Link:
         D:\vs_13\VC\bin\link.exe /ERRORREPORT:PROMPT /OUT:"D:\Visual studio 2013\Project\ChessFinal\Debug\ChessFinal.exe" /INCREMENTAL /NOLOGO kernel32.lib user32.lib gdi32.lib winspool.lib comdlg32.lib advapi32.lib shell32.lib ole32.lib oleaut32.lib uuid.lib odbc32.lib odbccp32.lib /MANIFEST /MANIFESTUAC:"level='asInvoker' uiAccess='false'" /manifest:embed /DEBUG /PDB:"D:\Visual studio 2013\Project\ChessFinal\Debug\ChessFinal.pdb" /SUBSYSTEM:WINDOWS /TLBID:1 /DYNAMICBASE /NXCOMPAT /IMPLIB:"D:\Visual studio 2013\Project\ChessFinal\Debug\ChessFinal.lib" /MACHINE:X86 Debug\Resource.res
         Debug\Dialog.obj
         Debug\Evaluation.obj
         Debug\IsValidateMove.obj
         Debug\Move.obj
         Debug\MoveGenerator.obj
         Debug\Search.obj
         ChessFinal.vcxproj -> D:\Visual studio 2013\Project\ChessFinal\Debug\ChessFinal.exe
     1>已完成生成项目“D:\Visual studio 2013\Project\ChessFinal\ChessFinal\ChessFinal.vcxproj”(Build 个目标)的操作。

生成成功。

已用时间 00:00:00.76
